<?xml version="1.0" encoding="UTF-8"?>
<!-- Generated by org.testng.reporters.JUnitReportReporter -->
<testsuite hostname="DESKTOP-J2NO96S" failures="0" tests="4" name="testlayer.LoginTest" time="95.518" errors="0" timestamp="2022-04-04T16:15:14 EDT" skipped="0">
  <testcase classname="testlayer.LoginTest" name="Title" time="7.090"/>
  <system-out/>
  <testcase classname="testlayer.LoginTest" name="Login" time="27.660"/>
  <system-out/>
  <testcase classname="testlayer.LoginTest" name="Login" time="33.224"/>
  <system-out/>
  <testcase classname="testlayer.LoginTest" name="Login" time="27.544"/>
  <system-out/>
</testsuite> <!-- testlayer.LoginTest -->
